INFO: [VRFC 10-2263] Analyzing Verilog file "C:/Users/jmack2545.ENGR-RCL08G/Documents/FPGA/my32Pt_FFT/my32Pt_FFT_2014.1.sim/sim_1/synth/func/FloP_Complex_Mult_tb_func_synth.v" into library xil_defaultlib
INFO: [VRFC 10-311] analyzing module FloP_Complex_Mult
INFO: [VRFC 10-311] analyzing module floating_point_addsub_ip
INFO: [VRFC 10-311] analyzing module floating_point_addsub_ip_floating_point_v7_1_1
INFO: [VRFC 10-311] analyzing module floating_point_mult_ip
INFO: [VRFC 10-311] analyzing module floating_point_mult_ip_floating_point_v7_1_1
INFO: [VRFC 10-311] analyzing module floating_point_addsub_ip_align_add_dsp48e1_sgl
INFO: [VRFC 10-311] analyzing module floating_point_addsub_ip_carry_chain
INFO: [VRFC 10-311] analyzing module floating_point_addsub_ip_carry_chain__parameterized0
INFO: [VRFC 10-311] analyzing module floating_point_addsub_ip_carry_chain__parameterized1
INFO: [VRFC 10-311] analyzing module floating_point_addsub_ip_carry_chain__parameterized1_5
INFO: [VRFC 10-311] analyzing module floating_point_addsub_ip_carry_chain__parameterized2
INFO: [VRFC 10-311] analyzing module floating_point_addsub_ip_carry_chain__parameterized3
INFO: [VRFC 10-311] analyzing module floating_point_addsub_ip_carry_chain__parameterized4
INFO: [VRFC 10-311] analyzing module floating_point_addsub_ip_compare
INFO: [VRFC 10-311] analyzing module floating_point_addsub_ip_compare_eq_im
INFO: [VRFC 10-311] analyzing module floating_point_addsub_ip_compare_eq_im__parameterized0
INFO: [VRFC 10-311] analyzing module floating_point_addsub_ip_compare_eq_im__parameterized0_4
INFO: [VRFC 10-311] analyzing module floating_point_addsub_ip_compare_gt
INFO: [VRFC 10-311] analyzing module floating_point_addsub_ip_delay
INFO: [VRFC 10-311] analyzing module floating_point_addsub_ip_delay_0
INFO: [VRFC 10-311] analyzing module floating_point_addsub_ip_delay__parameterized18
INFO: [VRFC 10-311] analyzing module floating_point_addsub_ip_delay__parameterized29
INFO: [VRFC 10-311] analyzing module floating_point_addsub_ip_delay__parameterized30
INFO: [VRFC 10-311] analyzing module floating_point_addsub_ip_delay__parameterized40
INFO: [VRFC 10-311] analyzing module floating_point_addsub_ip_delay__parameterized40_3
INFO: [VRFC 10-311] analyzing module floating_point_addsub_ip_delay__parameterized41
INFO: [VRFC 10-311] analyzing module floating_point_addsub_ip_delay__parameterized41_2
INFO: [VRFC 10-311] analyzing module floating_point_addsub_ip_delay__parameterized44
INFO: [VRFC 10-311] analyzing module floating_point_addsub_ip_delay__parameterized45
INFO: [VRFC 10-311] analyzing module floating_point_addsub_ip_delay__parameterized46
INFO: [VRFC 10-311] analyzing module floating_point_addsub_ip_delay__parameterized47
INFO: [VRFC 10-311] analyzing module floating_point_addsub_ip_delay__parameterized48
INFO: [VRFC 10-311] analyzing module floating_point_addsub_ip_delay__parameterized51
INFO: [VRFC 10-311] analyzing module floating_point_addsub_ip_delay__parameterized52
INFO: [VRFC 10-311] analyzing module floating_point_addsub_ip_delay__parameterized53
INFO: [VRFC 10-311] analyzing module floating_point_addsub_ip_delay__parameterized54
INFO: [VRFC 10-311] analyzing module floating_point_addsub_ip_delay__parameterized57
INFO: [VRFC 10-311] analyzing module floating_point_addsub_ip_delay__parameterized58
INFO: [VRFC 10-311] analyzing module floating_point_addsub_ip_delay__parameterized60
INFO: [VRFC 10-311] analyzing module floating_point_addsub_ip_dsp48e1_wrapper
INFO: [VRFC 10-311] analyzing module floating_point_addsub_ip_dsp48e1_wrapper__parameterized0
INFO: [VRFC 10-311] analyzing module floating_point_addsub_ip_floating_point_v7_1_1_viv
INFO: [VRFC 10-311] analyzing module floating_point_addsub_ip_flt_add
INFO: [VRFC 10-311] analyzing module floating_point_addsub_ip_flt_add_dsp
INFO: [VRFC 10-311] analyzing module floating_point_addsub_ip_flt_add_exp_sp
INFO: [VRFC 10-311] analyzing module floating_point_addsub_ip_lead_zero_encode_shift
INFO: [VRFC 10-311] analyzing module floating_point_addsub_ip_norm_and_round_dsp48e1_sgl
INFO: [VRFC 10-311] analyzing module floating_point_addsub_ip_special_detect
INFO: [VRFC 10-311] analyzing module floating_point_addsub_ip_special_detect_1
INFO: [VRFC 10-311] analyzing module floating_point_mult_ip_carry_chain
INFO: [VRFC 10-311] analyzing module floating_point_mult_ip_carry_chain__parameterized0
INFO: [VRFC 10-311] analyzing module floating_point_mult_ip_carry_chain__parameterized0_2
INFO: [VRFC 10-311] analyzing module floating_point_mult_ip_carry_chain__parameterized1
INFO: [VRFC 10-311] analyzing module floating_point_mult_ip_carry_chain__parameterized2
INFO: [VRFC 10-311] analyzing module floating_point_mult_ip_carry_chain__parameterized3
INFO: [VRFC 10-311] analyzing module floating_point_mult_ip_carry_chain__parameterized4
INFO: [VRFC 10-311] analyzing module floating_point_mult_ip_compare_eq_im
INFO: [VRFC 10-311] analyzing module floating_point_mult_ip_compare_eq_im_1
INFO: [VRFC 10-311] analyzing module floating_point_mult_ip_delay__parameterized13
INFO: [VRFC 10-311] analyzing module floating_point_mult_ip_delay__parameterized14
INFO: [VRFC 10-311] analyzing module floating_point_mult_ip_delay__parameterized15
INFO: [VRFC 10-311] analyzing module floating_point_mult_ip_delay__parameterized17
INFO: [VRFC 10-311] analyzing module floating_point_mult_ip_delay__parameterized18
INFO: [VRFC 10-311] analyzing module floating_point_mult_ip_fix_mult
INFO: [VRFC 10-311] analyzing module floating_point_mult_ip_fix_mult_xx
INFO: [VRFC 10-311] analyzing module floating_point_mult_ip_floating_point_v7_1_1_viv
INFO: [VRFC 10-311] analyzing module floating_point_mult_ip_flt_dec_op_lat
INFO: [VRFC 10-311] analyzing module floating_point_mult_ip_flt_mult
INFO: [VRFC 10-311] analyzing module floating_point_mult_ip_flt_mult_exp
INFO: [VRFC 10-311] analyzing module floating_point_mult_ip_flt_mult_round
INFO: [VRFC 10-311] analyzing module floating_point_mult_ip_flt_round_bit
INFO: [VRFC 10-311] analyzing module floating_point_mult_ip_renorm_and_round_logic
INFO: [VRFC 10-311] analyzing module floating_point_mult_ip_special_detect
INFO: [VRFC 10-311] analyzing module floating_point_mult_ip_special_detect_0
INFO: [VRFC 10-311] analyzing module floating_point_mult_ip_delay_line__parameterized6
INFO: [VRFC 10-311] analyzing module floating_point_mult_ip_dsp
INFO: [VRFC 10-311] analyzing module floating_point_mult_ip_mult_gen_v12_0_10_viv
INFO: [VRFC 10-311] analyzing module floating_point_addsub_ip_xbip_pipe_v3_0_1_viv
INFO: [VRFC 10-311] analyzing module floating_point_addsub_ip_xbip_pipe_v3_0_1_viv__parameterized1
INFO: [VRFC 10-311] analyzing module floating_point_addsub_ip_xbip_pipe_v3_0_1_viv__parameterized105
INFO: [VRFC 10-311] analyzing module floating_point_addsub_ip_xbip_pipe_v3_0_1_viv__parameterized107
INFO: [VRFC 10-311] analyzing module floating_point_addsub_ip_xbip_pipe_v3_0_1_viv__parameterized109
INFO: [VRFC 10-311] analyzing module floating_point_addsub_ip_xbip_pipe_v3_0_1_viv__parameterized111
INFO: [VRFC 10-311] analyzing module floating_point_addsub_ip_xbip_pipe_v3_0_1_viv__parameterized117
INFO: [VRFC 10-311] analyzing module floating_point_addsub_ip_xbip_pipe_v3_0_1_viv__parameterized119
INFO: [VRFC 10-311] analyzing module floating_point_addsub_ip_xbip_pipe_v3_0_1_viv__parameterized123
INFO: [VRFC 10-311] analyzing module floating_point_addsub_ip_xbip_pipe_v3_0_1_viv__parameterized1_8
INFO: [VRFC 10-311] analyzing module floating_point_addsub_ip_xbip_pipe_v3_0_1_viv__parameterized39
INFO: [VRFC 10-311] analyzing module floating_point_addsub_ip_xbip_pipe_v3_0_1_viv__parameterized61
INFO: [VRFC 10-311] analyzing module floating_point_addsub_ip_xbip_pipe_v3_0_1_viv__parameterized63
INFO: [VRFC 10-311] analyzing module floating_point_addsub_ip_xbip_pipe_v3_0_1_viv__parameterized83
INFO: [VRFC 10-311] analyzing module floating_point_addsub_ip_xbip_pipe_v3_0_1_viv__parameterized83_6
INFO: [VRFC 10-311] analyzing module floating_point_addsub_ip_xbip_pipe_v3_0_1_viv__parameterized85
INFO: [VRFC 10-311] analyzing module floating_point_addsub_ip_xbip_pipe_v3_0_1_viv__parameterized85_7
INFO: [VRFC 10-311] analyzing module floating_point_addsub_ip_xbip_pipe_v3_0_1_viv__parameterized91
INFO: [VRFC 10-311] analyzing module floating_point_addsub_ip_xbip_pipe_v3_0_1_viv__parameterized93
INFO: [VRFC 10-311] analyzing module floating_point_addsub_ip_xbip_pipe_v3_0_1_viv__parameterized95
INFO: [VRFC 10-311] analyzing module floating_point_addsub_ip_xbip_pipe_v3_0_1_viv__parameterized97
INFO: [VRFC 10-311] analyzing module floating_point_addsub_ip_xbip_pipe_v3_0_1_viv__parameterized99
INFO: [VRFC 10-311] analyzing module floating_point_mult_ip_xbip_pipe_v3_0_1_viv
INFO: [VRFC 10-311] analyzing module floating_point_mult_ip_xbip_pipe_v3_0_1_viv__parameterized29
INFO: [VRFC 10-311] analyzing module floating_point_mult_ip_xbip_pipe_v3_0_1_viv__parameterized31
INFO: [VRFC 10-311] analyzing module floating_point_mult_ip_xbip_pipe_v3_0_1_viv__parameterized33
INFO: [VRFC 10-311] analyzing module floating_point_mult_ip_xbip_pipe_v3_0_1_viv__parameterized37
INFO: [VRFC 10-311] analyzing module floating_point_mult_ip_xbip_pipe_v3_0_1_viv__parameterized39
INFO: [VRFC 10-311] analyzing module glbl
INFO: [VRFC 10-2263] Analyzing Verilog file "C:/Users/jmack2545.ENGR-RCL08G/Documents/FPGA/my32Pt_FFT/my32Pt_FFT_2014.1.srcs/sim_1/new/FloP_Complex_Mult_tb.v" into library xil_defaultlib
INFO: [VRFC 10-311] analyzing module FloP_Complex_Mult_tb
